2023-11-05 20:18:22,183 - __main__ - INFO - 
Empty DataFrame
Columns: [Address, Price, Rooms, Bedrooms, Size]
Index: []
2023-11-05 20:31:00,671 - __main__ - INFO - 
                      Address   Price Rooms Bedrooms Size
0              Nantes (44000)   553.0     4        3   65
1              Pantin (93500)  1000.0     2        1   45
2  Fontenay-Sous-Bois (94120)  1470.0     4        3   75
3                 Pau (64000)   620.0     3        2   57
4               Cergy (95000)  1550.0     4        3   90
5     L'haÿ-Les-Roses (94240)   580.0     1        1   12
6              Toulon (83000)  1080.0     3        2   64
7          Saint-Ouen (93400)  1032.0     2        1   37
8           Villejuif (94800)  1100.0     2        1   40
2023-11-05 20:49:10,843 - __main__ - INFO - 
                            Address   Price Rooms Bedrooms Size
0                   Orléans (45100)   850.0     3        2   73
1           L'haÿ-Les-Roses (94240)  1680.0     3        2   72
2       Champigny-Sur-Marne (94500)  1290.0     3        2   50
3                   Puteaux (92800)  2750.0     4        2  144
4                  Paris 8E (75008)  1770.0     2        1   44
5                    Nantes (44000)   553.0     4        3   65
6                    Pantin (93500)  1000.0     2        1   45
7                    Chatou (78400)  1600.0     3        2   60
8  Saintes-Maries-De-La-Mer (13460)   700.0     2        1   40
